
Polynomial Multiplication Benchmark
MPFR reference precision: 256 bits

-------------------Naive classical result (double precision):-------------------

0.00x^16 + 0x^15 + 0.07x^14 + -0.17x^13 + 0.41x^12 + -0.20x^11 + 0.45x^10 + 0.14x^9 + -0.89x^8 + -0.01x^7 + 1.31x^6 + -0.82x^5 + -0.85x^4 + 0.31x^3 + 0.33x^2 + -0.44x + -0.11

-------------------End of Naive classical result (double precision):-------------------

Degree 8
--------------------------------------------
--------------------------------------------------
Algorithm: Naive (k=0)

Result polynomial:
0.00x^16 + 0x^15 + 0.07x^14 + -0.17x^13 + 0.41x^12 + -0.20x^11 + 0.45x^10 + 0.14x^9 + -0.89x^8 + -0.01x^7 + 1.31x^6 + -0.82x^5 + -0.85x^4 + 0.31x^3 + 0.33x^2 + -0.44x + -0.11

Benchmark:
Time      : 0.000002 s
Max error : 7.626e-01
--------------------------------------------------

Karatsuba    (k=2) | time = 0.000006 s | max error = 4.441e-16
Karatsuba    (k=3) | time = 0.000002 s | max error = 1.110e-16
Karatsuba    (k=4) | time = 0.000001 s | max error = 1.110e-16
Toom-Cook    (k=2) | time = 0.000007 s | max error = 6.661e-16
Toom-Cook    (k=3) | time = 0.000001 s | max error = 6.661e-16
Toom-Cook    (k=4) | time = 0.000002 s | max error = 6.661e-16
Toom-4       (k=2) | time = 0.000002 s | max error = 5.551e-16
Toom-4       (k=3) | time = 0.000002 s | max error = 5.551e-16
Toom-4       (k=4) | time = 0.000001 s | max error = 5.551e-16

-------------------Naive classical result (double precision):-------------------

0.00x^32 + 0x^31 + 0.00x^30 + -0.41x^29 + 0.46x^28 + 0.59x^27 + -1.25x^26 + 0.58x^25 + -0.05x^24 + 0.66x^23 + -0.59x^22 + 1.14x^21 + -1.35x^20 + -0.30x^19 + 1.40x^18 + 0.38x^17 + -3.63x^16 + 0.59x^15 + 3.78x^14 + -1.54x^13 + -0.76x^12 + 1.17x^11 + 1.40x^10 + -0.68x^9 + -0.27x^8 + 0.94x^7 + -0.25x^6 + -0.38x^5 + 0.65x^4 + -0.13x^3 + -0.38x^2 + 0.19x + 0.11

-------------------End of Naive classical result (double precision):-------------------

Degree 16
--------------------------------------------
--------------------------------------------------
Algorithm: Naive (k=0)

Result polynomial:
0.00x^32 + 0x^31 + 0.00x^30 + -0.41x^29 + 0.46x^28 + 0.59x^27 + -1.25x^26 + 0.58x^25 + -0.05x^24 + 0.66x^23 + -0.59x^22 + 1.14x^21 + -1.35x^20 + -0.30x^19 + 1.40x^18 + 0.38x^17 + -3.63x^16 + 0.59x^15 + 3.78x^14 + -1.54x^13 + -0.76x^12 + 1.17x^11 + 1.40x^10 + -0.68x^9 + -0.27x^8 + 0.94x^7 + -0.25x^6 + -0.38x^5 + 0.65x^4 + -0.13x^3 + -0.38x^2 + 0.19x + 0.11

Benchmark:
Time      : 0.000000 s
Max error : 8.329e-01
--------------------------------------------------

Karatsuba    (k=2) | time = 0.000015 s | max error = 1.776e-15
Karatsuba    (k=3) | time = 0.000007 s | max error = 1.776e-15
Karatsuba    (k=4) | time = 0.000003 s | max error = 8.882e-16
Toom-Cook    (k=2) | time = 0.000011 s | max error = 1.776e-15
Toom-Cook    (k=3) | time = 0.000004 s | max error = 1.776e-15
Toom-Cook    (k=4) | time = 0.000005 s | max error = 1.776e-15
Toom-4       (k=2) | time = 0.000013 s | max error = 1.554e-15
Toom-4       (k=3) | time = 0.000009 s | max error = 1.554e-15
Toom-4       (k=4) | time = 0.000008 s | max error = 1.554e-15

-------------------Naive classical result (double precision):-------------------

0.00x^64 + 0x^63 + 0.27x^62 + 0.67x^61 + 0.55x^60 + 0.76x^59 + 0.32x^58 + 0.66x^57 + 0.57x^56 + 0.37x^55 + 0.65x^54 + -2.81x^53 + -2.27x^52 + 0.64x^51 + -2.44x^50 + -2.64x^49 + -0.37x^48 + -1.44x^47 + -0.28x^46 + 0.92x^45 + -1.06x^44 + -0.82x^43 + 4.39x^42 + 1.30x^41 + -3.12x^40 + -2.46x^39 + 1.74x^38 + 1.04x^37 + -1.05x^36 + -0.07x^35 + 3.00x^34 + 0.54x^33 + 2.37x^32 + 2.85x^31 + -1.19x^30 + 2.48x^29 + 4.44x^28 + -2.44x^27 + -2.15x^26 + 0.79x^25 + -2.99x^24 + -1.37x^23 + 2.10x^22 + -0.01x^21 + -2.93x^20 + 2.12x^19 + 0.51x^18 + -1.74x^17 + -1.64x^16 + 1.64x^15 + 0.96x^14 + -1.77x^13 + -0.35x^12 + 0.73x^11 + -1.54x^10 + 0.84x^9 + 1.78x^8 + -0.78x^7 + 0.54x^6 + 0.36x^5 + -0.17x^4 + -0.46x^3 + -0.08x^2 + 0.06x + -0.00

-------------------End of Naive classical result (double precision):-------------------

Degree 32
--------------------------------------------
--------------------------------------------------
Algorithm: Naive (k=0)

Result polynomial:
0.00x^64 + 0x^63 + 0.27x^62 + 0.67x^61 + 0.55x^60 + 0.76x^59 + 0.32x^58 + 0.66x^57 + 0.57x^56 + 0.37x^55 + 0.65x^54 + -2.81x^53 + -2.27x^52 + 0.64x^51 + -2.44x^50 + -2.64x^49 + -0.37x^48 + -1.44x^47 + -0.28x^46 + 0.92x^45 + -1.06x^44 + -0.82x^43 + 4.39x^42 + 1.30x^41 + -3.12x^40 + -2.46x^39 + 1.74x^38 + 1.04x^37 + -1.05x^36 + -0.07x^35 + 3.00x^34 + 0.54x^33 + 2.37x^32 + 2.85x^31 + -1.19x^30 + 2.48x^29 + 4.44x^28 + -2.44x^27 + -2.15x^26 + 0.79x^25 + -2.99x^24 + -1.37x^23 + 2.10x^22 + -0.01x^21 + -2.93x^20 + 2.12x^19 + 0.51x^18 + -1.74x^17 + -1.64x^16 + 1.64x^15 + 0.96x^14 + -1.77x^13 + -0.35x^12 + 0.73x^11 + -1.54x^10 + 0.84x^9 + 1.78x^8 + -0.78x^7 + 0.54x^6 + 0.36x^5 + -0.17x^4 + -0.46x^3 + -0.08x^2 + 0.06x + -0.00

Benchmark:
Time      : 0.000000 s
Max error : 8.522e-01
--------------------------------------------------

Karatsuba    (k=2) | time = 0.000025 s | max error = 2.220e-15
Karatsuba    (k=3) | time = 0.000016 s | max error = 1.998e-15
Karatsuba    (k=4) | time = 0.000014 s | max error = 1.554e-15
Toom-Cook    (k=2) | time = 0.000021 s | max error = 4.663e-15
Toom-Cook    (k=3) | time = 0.000019 s | max error = 4.663e-15
Toom-Cook    (k=4) | time = 0.000006 s | max error = 3.109e-15
Toom-4       (k=2) | time = 0.000010 s | max error = 5.329e-15
Toom-4       (k=3) | time = 0.000011 s | max error = 5.329e-15
Toom-4       (k=4) | time = 0.000007 s | max error = 5.329e-15

-------------------Naive classical result (double precision):-------------------

0.00x^128 + 0x^127 + -0.06x^126 + 0.55x^125 + -0.98x^124 + 0.26x^123 + 0.00x^122 + 0.31x^121 + -0.41x^120 + -0.44x^119 + 2.15x^118 + -0.74x^117 + -0.07x^116 + 0.37x^115 + 0.71x^114 + 0.11x^113 + -0.51x^112 + 1.75x^111 + -4.23x^110 + 4.18x^109 + -2.14x^108 + 0.58x^107 + -0.64x^106 + -0.31x^105 + 0.42x^104 + -3.76x^103 + 4.50x^102 + -1.53x^101 + 0.61x^100 + -0.66x^99 + 0.36x^98 + -4.19x^97 + 0.98x^96 + 4.63x^95 + -4.81x^94 + 1.59x^93 + 0.63x^92 + -2.02x^91 + -1.42x^90 + 1.89x^89 + -2.11x^88 + -1.47x^87 + 2.15x^86 + -6.11x^85 + 2.23x^84 + -1.83x^83 + 2.56x^82 + -4.16x^81 + 0.99x^80 + 0.41x^79 + 2.30x^78 + 0.49x^77 + -5.81x^76 + 7.10x^75 + -6.12x^74 + -0.08x^73 + -3.10x^72 + 3.01x^71 + 2.48x^70 + -1.46x^69 + -0.06x^68 + 0.98x^67 + 7.45x^66 + -1.48x^65 + 0.74x^64 + 3.03x^63 + -0.03x^62 + -1.85x^61 + -2.35x^60 + 1.39x^59 + 1.40x^58 + 2.30x^57 + -1.59x^56 + 1.65x^55 + 1.72x^54 + 3.33x^53 + 0.98x^52 + -0.08x^51 + 2.84x^50 + 0.28x^49 + 0.19x^48 + 0.10x^47 + 3.09x^46 + -2.30x^45 + 1.28x^44 + 1.03x^43 + -0.76x^42 + 3.78x^41 + -1.15x^40 + -1.38x^39 + 2.62x^38 + 1.51x^37 + -1.47x^36 + 1.93x^35 + 2.53x^34 + 0.71x^33 + 1.93x^32 + 1.51x^31 + 1.10x^30 + 2.32x^29 + 0.35x^28 + 1.00x^27 + 1.06x^26 + -1.71x^25 + 1.35x^24 + 0.30x^23 + 0.00x^22 + -1.91x^21 + 1.58x^20 + -0.13x^19 + -0.58x^18 + 0.82x^17 + 0.05x^16 + 1.14x^15 + 0.48x^14 + -0.20x^13 + 0.24x^12 + 1.03x^11 + -1.81x^10 + -0.13x^9 + 0.18x^8 + -0.07x^7 + 0.03x^6 + 0.70x^5 + 0.07x^4 + 0.48x^3 + 0.07x^2 + 0.33x + -0.23

-------------------End of Naive classical result (double precision):-------------------

Degree 64
--------------------------------------------
--------------------------------------------------
Algorithm: Naive (k=0)

Result polynomial:
0.00x^128 + 0x^127 + -0.06x^126 + 0.55x^125 + -0.98x^124 + 0.26x^123 + 0.00x^122 + 0.31x^121 + -0.41x^120 + -0.44x^119 + 2.15x^118 + -0.74x^117 + -0.07x^116 + 0.37x^115 + 0.71x^114 + 0.11x^113 + -0.51x^112 + 1.75x^111 + -4.23x^110 + 4.18x^109 + -2.14x^108 + 0.58x^107 + -0.64x^106 + -0.31x^105 + 0.42x^104 + -3.76x^103 + 4.50x^102 + -1.53x^101 + 0.61x^100 + -0.66x^99 + 0.36x^98 + -4.19x^97 + 0.98x^96 + 4.63x^95 + -4.81x^94 + 1.59x^93 + 0.63x^92 + -2.02x^91 + -1.42x^90 + 1.89x^89 + -2.11x^88 + -1.47x^87 + 2.15x^86 + -6.11x^85 + 2.23x^84 + -1.83x^83 + 2.56x^82 + -4.16x^81 + 0.99x^80 + 0.41x^79 + 2.30x^78 + 0.49x^77 + -5.81x^76 + 7.10x^75 + -6.12x^74 + -0.08x^73 + -3.10x^72 + 3.01x^71 + 2.48x^70 + -1.46x^69 + -0.06x^68 + 0.98x^67 + 7.45x^66 + -1.48x^65 + 0.74x^64 + 3.03x^63 + -0.03x^62 + -1.85x^61 + -2.35x^60 + 1.39x^59 + 1.40x^58 + 2.30x^57 + -1.59x^56 + 1.65x^55 + 1.72x^54 + 3.33x^53 + 0.98x^52 + -0.08x^51 + 2.84x^50 + 0.28x^49 + 0.19x^48 + 0.10x^47 + 3.09x^46 + -2.30x^45 + 1.28x^44 + 1.03x^43 + -0.76x^42 + 3.78x^41 + -1.15x^40 + -1.38x^39 + 2.62x^38 + 1.51x^37 + -1.47x^36 + 1.93x^35 + 2.53x^34 + 0.71x^33 + 1.93x^32 + 1.51x^31 + 1.10x^30 + 2.32x^29 + 0.35x^28 + 1.00x^27 + 1.06x^26 + -1.71x^25 + 1.35x^24 + 0.30x^23 + 0.00x^22 + -1.91x^21 + 1.58x^20 + -0.13x^19 + -0.58x^18 + 0.82x^17 + 0.05x^16 + 1.14x^15 + 0.48x^14 + -0.20x^13 + 0.24x^12 + 1.03x^11 + -1.81x^10 + -0.13x^9 + 0.18x^8 + -0.07x^7 + 0.03x^6 + 0.70x^5 + 0.07x^4 + 0.48x^3 + 0.07x^2 + 0.33x + -0.23

Benchmark:
Time      : 0.000000 s
Max error : 8.963e-01
--------------------------------------------------

Karatsuba    (k=2) | time = 0.000048 s | max error = 4.885e-15
Karatsuba    (k=3) | time = 0.000038 s | max error = 8.660e-15
Karatsuba    (k=4) | time = 0.000021 s | max error = 5.107e-15
Toom-Cook    (k=2) | time = 0.000084 s | max error = 3.175e-14
Toom-Cook    (k=3) | time = 0.000021 s | max error = 8.216e-15
Toom-Cook    (k=4) | time = 0.000022 s | max error = 8.216e-15
Toom-4       (k=2) | time = 0.000049 s | max error = 2.576e-14
Toom-4       (k=3) | time = 0.000046 s | max error = 2.576e-14
Toom-4       (k=4) | time = 0.000044 s | max error = 2.576e-14

